<component name="libraryTable">
  <library name="junit-jupiter-engine-5.1.1">
    <CLASSES>
      <root url="jar://B:/junit-jupiter-engine-5.1.1.jar!/" />
    </CLASSES>
    <JAVADOC />
    <SOURCES />
  </library>
</component>