<component name="libraryTable">
  <library name="junit-platform-launcher-1.1.1">
    <CLASSES>
      <root url="jar://B:/junit-platform-launcher-1.1.1.jar!/" />
    </CLASSES>
    <JAVADOC />
    <SOURCES />
  </library>
</component>